<?xml version="1.0" encoding="UTF-8"?>
<!-- Generated by org.testng.reporters.JUnitReportReporter -->
<testsuite hostname="WUST" failures="0" tests="1" name="com.automationcode_1st_Apr_2023.Actions_Mouse_Keyboard" time="5.153" errors="0" timestamp="2023-04-01T14:08:23 EDT" skipped="0">
  <testcase classname="com.automationcode_1st_Apr_2023.Actions_Mouse_Keyboard" name="mouseActionsTest" time="5.153"/>
  <system-out/>
</testsuite> <!-- com.automationcode_1st_Apr_2023.Actions_Mouse_Keyboard -->
