<?xml version="1.0" encoding="UTF-8"?>
<!-- Generated by org.testng.reporters.JUnitReportReporter -->
<testsuite hostname="WUST" failures="0" tests="1" name="com.automationcode_1st_Apr_2023.Actions_Frame" time="6.864" errors="0" timestamp="2023-04-01T14:21:31 EDT" skipped="0">
  <testcase classname="com.automationcode_1st_Apr_2023.Actions_Frame" name="handlingFrames" time="6.864"/>
  <system-out/>
</testsuite> <!-- com.automationcode_1st_Apr_2023.Actions_Frame -->
